<?xml version="1.0" encoding="UTF-8"?>
<testng-results ignored="0" total="1" passed="1" failed="0" skipped="0">
  <reporter-output>
  </reporter-output>
  <suite started-at="2024-12-25T11:14:40 IST" name="Command line suite" finished-at="2024-12-25T11:15:50 IST" duration-ms="70199">
    <groups>
    </groups>
    <test started-at="2024-12-25T11:14:40 IST" name="Command line test" finished-at="2024-12-25T11:15:50 IST" duration-ms="70199">
      <class name="com.cbir.primo.CheckStatus">
        <test-method signature="alfaPRIMO_CBIRstatus()[pri:1, instance:com.cbir.primo.CheckStatus@15de0b3c]" started-at="2024-12-25T11:14:40 IST" name="alfaPRIMO_CBIRstatus" finished-at="2024-12-25T11:15:50 IST" duration-ms="70134" status="PASS">
          <reporter-output>
          </reporter-output>
        </test-method> <!-- alfaPRIMO_CBIRstatus -->
        <test-method is-config="true" signature="teardown()[pri:0, instance:com.cbir.primo.CheckStatus@15de0b3c]" started-at="2024-12-25T11:15:50 IST" name="teardown" finished-at="2024-12-25T11:15:50 IST" duration-ms="177" status="PASS">
          <reporter-output>
          </reporter-output>
        </test-method> <!-- teardown -->
      </class> <!-- com.cbir.primo.CheckStatus -->
    </test> <!-- Command line test -->
  </suite> <!-- Command line suite -->
</testng-results>
