<?xml version="1.0" encoding="UTF-8"?>
<testng-results ignored="0" total="1" passed="1" failed="0" skipped="0">
  <reporter-output>
  </reporter-output>
  <suite started-at="2024-12-16T16:29:03 IST" name="Default suite" finished-at="2024-12-16T16:29:33 IST" duration-ms="29857">
    <groups>
    </groups>
    <test started-at="2024-12-16T16:29:03 IST" name="Default test" finished-at="2024-12-16T16:29:33 IST" duration-ms="29857">
      <class name="com.cbir.primo.CheckStatus">
        <test-method signature="alfaPRIMO_CBIRstatus()[pri:1, instance:com.cbir.primo.CheckStatus@6be968ce]" started-at="2024-12-16T16:29:03 IST" name="alfaPRIMO_CBIRstatus" finished-at="2024-12-16T16:29:33 IST" duration-ms="29798" status="PASS">
          <reporter-output>
          </reporter-output>
        </test-method> <!-- alfaPRIMO_CBIRstatus -->
        <test-method is-config="true" signature="teardown()[pri:0, instance:com.cbir.primo.CheckStatus@6be968ce]" started-at="2024-12-16T16:29:33 IST" name="teardown" finished-at="2024-12-16T16:29:33 IST" duration-ms="169" status="PASS">
          <reporter-output>
          </reporter-output>
        </test-method> <!-- teardown -->
      </class> <!-- com.cbir.primo.CheckStatus -->
    </test> <!-- Default test -->
  </suite> <!-- Default suite -->
</testng-results>
